[16:39:08] [Client thread/INFO]: Setting user: Player628
[16:39:12] [Client thread/INFO]: LWJGL Version: 2.9.1
[16:39:17] [Client thread/INFO]: Reloading ResourceManager: Default, FMLFileResourcePack:Forge Mod Loader, FMLFileResourcePack:Minecraft Forge, FMLFileResourcePack:C.O.R.E. Craft
[16:39:18] [Sound Library Loader/INFO]: Starting up SoundSystem...
[16:39:18] [Thread-7/INFO]: Initializing LWJGL OpenAL
[16:39:18] [Thread-7/INFO]: (The LWJGL binding of OpenAL.  For more information, see http://www.lwjgl.org)
[16:39:19] [Thread-7/INFO]: OpenAL initialized.
[16:39:19] [Sound Library Loader/INFO]: Sound engine started
[16:39:25] [Client thread/INFO]: Created: 512x512 textures-atlas
[16:39:26] [Client thread/INFO]: Reloading ResourceManager: Default, FMLFileResourcePack:Forge Mod Loader, FMLFileResourcePack:Minecraft Forge, FMLFileResourcePack:C.O.R.E. Craft
[16:39:26] [Client thread/INFO]: SoundSystem shutting down...
[16:39:26] [Client thread/WARN]: Author: Paul Lamb, www.paulscode.com
[16:39:26] [Sound Library Loader/INFO]: Starting up SoundSystem...
[16:39:27] [Thread-9/INFO]: Initializing LWJGL OpenAL
[16:39:27] [Thread-9/INFO]: (The LWJGL binding of OpenAL.  For more information, see http://www.lwjgl.org)
[16:39:27] [Thread-9/INFO]: OpenAL initialized.
[16:39:27] [Sound Library Loader/INFO]: Sound engine started
[16:39:32] [Client thread/INFO]: Created: 512x512 textures-atlas
[16:39:36] [Client thread/INFO]: Stopping!
[16:39:36] [Client thread/INFO]: SoundSystem shutting down...
[16:39:37] [Client thread/WARN]: Author: Paul Lamb, www.paulscode.com
